This file contains any messages produced by compilers while
running configure, to aid debugging if configure makes a mistake.

It was created by sphinxbase configure 5prealpha, which was
generated by GNU Autoconf 2.69.  Invocation command line was

  $ ./configure LDFLAGS=-L/usr/lib/python2.6

## --------- ##
## Platform. ##
## --------- ##

hostname = MacBook-Pro-5
uname -m = x86_64
uname -r = 15.0.0
uname -s = Darwin
uname -v = Darwin Kernel Version 15.0.0: Wed Aug 26 19:41:34 PDT 2015; root:xnu-3247.1.106~5/RELEASE_X86_64

/usr/bin/uname -p = i386
/bin/uname -X     = unknown

/bin/arch              = unknown
/usr/bin/arch -k       = unknown
/usr/convex/getsysinfo = unknown
/usr/bin/hostinfo      = Mach kernel version:
	 Darwin Kernel Version 15.0.0: Wed Aug 26 19:41:34 PDT 2015; root:xnu-3247.1.106~5/RELEASE_X86_64
Kernel configured for up to 4 processors.
2 processors are physically available.
4 processors are logically available.
Processor type: x86_64h (Intel x86-64h Haswell)
Processors active: 0 1 2 3
Primary memory available: 8.00 gigabytes
Default processor set: 279 tasks, 1166 threads, 4 processors
Load average: 1.12, Mach factor: 2.87
/bin/machine           = unknown
/usr/bin/oslevel       = unknown
/bin/universe          = unknown

PATH: /usr/local/bin
PATH: /usr/bin
PATH: /bin
PATH: /usr/sbin
PATH: /sbin
PATH: /opt/X11/bin
PATH: /usr/local/git/bin
PATH: /usr/texbin


## ----------- ##
## Core tests. ##
## ----------- ##

configure:2527: checking for a BSD-compatible install
configure:2595: result: /usr/bin/install -c
configure:2606: checking whether build environment is sane
configure:2656: result: yes
configure:2797: checking for a thread-safe mkdir -p
configure:2836: result: ./install-sh -c -d
configure:2849: checking for gawk
configure:2879: result: no
configure:2849: checking for mawk
configure:2879: result: no
configure:2849: checking for nawk
configure:2879: result: no
configure:2849: checking for awk
configure:2865: found /usr/bin/awk
configure:2876: result: awk
configure:2887: checking whether make sets $(MAKE)
configure:2909: result: yes
configure:2988: checking build system type
configure:3002: result: x86_64-apple-darwin15.0.0
configure:3022: checking host system type
configure:3035: result: x86_64-apple-darwin15.0.0
configure:3067: checking for style of include used by make
configure:3095: result: GNU
configure:3166: checking for gcc
configure:3182: found /usr/bin/gcc
configure:3193: result: gcc
configure:3422: checking for C compiler version
configure:3431: gcc --version >&5
Apple LLVM version 6.0 (clang-600.0.56) (based on LLVM 3.5svn)
Target: x86_64-apple-darwin15.0.0
Thread model: posix
Configured with: --prefix=/Applications/Xcode.app/Contents/Developer/usr --with-gxx-include-dir=/usr/include/c++/4.2.1
configure:3442: $? = 0
configure:3431: gcc -v >&5
Configured with: --prefix=/Applications/Xcode.app/Contents/Developer/usr --with-gxx-include-dir=/usr/include/c++/4.2.1
Apple LLVM version 6.0 (clang-600.0.56) (based on LLVM 3.5svn)
Target: x86_64-apple-darwin15.0.0
Thread model: posix
configure:3442: $? = 0
configure:3431: gcc -V >&5
clang: error: argument to '-V' is missing (expected 1 value)
clang: error: no input files
configure:3442: $? = 1
configure:3431: gcc -qversion >&5
clang: error: unknown argument: '-qversion'
clang: error: no input files
configure:3442: $? = 1
configure:3462: checking whether the C compiler works
configure:3484: gcc -g -O2 -Wall  -L/usr/lib/python2.6 conftest.c  >&5
configure:3488: $? = 0
configure:3536: result: yes
configure:3539: checking for C compiler default output file name
configure:3541: result: a.out
configure:3547: checking for suffix of executables
configure:3554: gcc -o conftest -g -O2 -Wall  -L/usr/lib/python2.6 conftest.c  >&5
configure:3558: $? = 0
configure:3580: result: 
configure:3602: checking whether we are cross compiling
configure:3610: gcc -o conftest -g -O2 -Wall  -L/usr/lib/python2.6 conftest.c  >&5
configure:3614: $? = 0
configure:3621: ./conftest
configure:3625: $? = 0
configure:3640: result: no
configure:3645: checking for suffix of object files
configure:3667: gcc -c -g -O2 -Wall  conftest.c >&5
configure:3671: $? = 0
configure:3692: result: o
configure:3696: checking whether we are using the GNU C compiler
configure:3715: gcc -c -g -O2 -Wall  conftest.c >&5
configure:3715: $? = 0
configure:3724: result: yes
configure:3733: checking whether gcc accepts -g
configure:3753: gcc -c -g  conftest.c >&5
configure:3753: $? = 0
configure:3794: result: yes
configure:3811: checking for gcc option to accept ISO C89
configure:3874: gcc  -c -g -O2 -Wall  conftest.c >&5
configure:3874: $? = 0
configure:3887: result: none needed
configure:3909: checking dependency style of gcc
configure:4020: result: gcc3
configure:4036: checking for library containing strerror
configure:4067: gcc -o conftest -g -O2 -Wall  -L/usr/lib/python2.6 conftest.c  >&5
conftest.c:16:6: warning: incompatible redeclaration of library function 'strerror' [-Wincompatible-library-redeclaration]
char strerror ();
     ^
conftest.c:16:6: note: 'strerror' is a builtin with type 'char *(int)'
1 warning generated.
configure:4067: $? = 0
configure:4084: result: none required
configure:4140: checking for gcc
configure:4167: result: gcc
configure:4396: checking for C compiler version
configure:4405: gcc --version >&5
Apple LLVM version 6.0 (clang-600.0.56) (based on LLVM 3.5svn)
Target: x86_64-apple-darwin15.0.0
Thread model: posix
Configured with: --prefix=/Applications/Xcode.app/Contents/Developer/usr --with-gxx-include-dir=/usr/include/c++/4.2.1
configure:4416: $? = 0
configure:4405: gcc -v >&5
Configured with: --prefix=/Applications/Xcode.app/Contents/Developer/usr --with-gxx-include-dir=/usr/include/c++/4.2.1
Apple LLVM version 6.0 (clang-600.0.56) (based on LLVM 3.5svn)
Target: x86_64-apple-darwin15.0.0
Thread model: posix
configure:4416: $? = 0
configure:4405: gcc -V >&5
clang: error: argument to '-V' is missing (expected 1 value)
clang: error: no input files
configure:4416: $? = 1
configure:4405: gcc -qversion >&5
clang: error: unknown argument: '-qversion'
clang: error: no input files
configure:4416: $? = 1
configure:4420: checking whether we are using the GNU C compiler
configure:4448: result: yes
configure:4457: checking whether gcc accepts -g
configure:4518: result: yes
configure:4535: checking for gcc option to accept ISO C89
configure:4611: result: none needed
configure:4633: checking dependency style of gcc
configure:4744: result: gcc3
configure:4763: checking for gcc option to accept ISO C99
configure:4912: gcc  -c -g -O2 -Wall  conftest.c >&5
configure:4912: $? = 0
configure:4925: result: none needed
configure:5033: checking for gcc option to accept ISO Standard C
configure:5044: result: none needed
configure:5098: checking how to print strings
configure:5125: result: printf
configure:5146: checking for a sed that does not truncate output
configure:5210: result: /usr/bin/sed
configure:5228: checking for grep that handles long lines and -e
configure:5286: result: /usr/bin/grep
configure:5291: checking for egrep
configure:5353: result: /usr/bin/grep -E
configure:5358: checking for fgrep
configure:5420: result: /usr/bin/grep -F
configure:5455: checking for ld used by gcc
configure:5522: result: /Applications/Xcode.app/Contents/Developer/Toolchains/XcodeDefault.xctoolchain/usr/bin/ld
configure:5529: checking if the linker (/Applications/Xcode.app/Contents/Developer/Toolchains/XcodeDefault.xctoolchain/usr/bin/ld) is GNU ld
configure:5544: result: no
configure:5556: checking for BSD- or MS-compatible name lister (nm)
configure:5605: result: /usr/bin/nm
configure:5735: checking the name lister (/usr/bin/nm) interface
configure:5742: gcc -c -g -O2 -Wall  conftest.c >&5
configure:5745: /usr/bin/nm "conftest.o"
configure:5748: output
0000000000000248 S _some_variable
configure:5755: result: BSD nm
configure:5758: checking whether ln -s works
configure:5762: result: yes
configure:5770: checking the maximum length of command line arguments
configure:5900: result: 196608
configure:5917: checking whether the shell understands some XSI constructs
configure:5927: result: yes
configure:5931: checking whether the shell understands "+="
configure:5937: result: yes
configure:5972: checking how to convert x86_64-apple-darwin15.0.0 file names to x86_64-apple-darwin15.0.0 format
configure:6012: result: func_convert_file_noop
configure:6019: checking how to convert x86_64-apple-darwin15.0.0 file names to toolchain format
configure:6039: result: func_convert_file_noop
configure:6046: checking for /Applications/Xcode.app/Contents/Developer/Toolchains/XcodeDefault.xctoolchain/usr/bin/ld option to reload object files
configure:6053: result: -r
configure:6127: checking for objdump
configure:6157: result: no
configure:6186: checking how to recognize dependent libraries
configure:6384: result: pass_all
configure:6469: checking for dlltool
configure:6499: result: no
configure:6529: checking how to associate runtime and link libraries
configure:6556: result: printf %s\n
configure:6616: checking for ar
configure:6632: found /usr/bin/ar
configure:6643: result: ar
configure:6680: checking for archiver @FILE support
configure:6697: gcc -c -g -O2 -Wall  conftest.c >&5
configure:6697: $? = 0
configure:6700: ar cru libconftest.a @conftest.lst >&5
ar: @conftest.lst: No such file or directory
configure:6703: $? = 1
configure:6723: result: no
configure:6781: checking for strip
configure:6797: found /usr/bin/strip
configure:6808: result: strip
configure:6880: checking for ranlib
configure:6896: found /usr/bin/ranlib
configure:6907: result: ranlib
configure:7009: checking command to parse /usr/bin/nm output from gcc object
configure:7129: gcc -c -g -O2 -Wall  conftest.c >&5
configure:7132: $? = 0
configure:7136: /usr/bin/nm conftest.o \| sed -n -e 's/^.*[ ]\([BCDEGRST][BCDEGRST]*\)[ ][ ]*\([_A-Za-z][_A-Za-z0-9]*\)$/\1 \2 \2/p' | sed '/ __gnu_lto/d' \> conftest.nm
configure:7139: $? = 0
cannot find nm_test_var in conftest.nm
configure:7129: gcc -c -g -O2 -Wall  conftest.c >&5
configure:7132: $? = 0
configure:7136: /usr/bin/nm conftest.o \| sed -n -e 's/^.*[ ]\([BCDEGRST][BCDEGRST]*\)[ ][ ]*_\([_A-Za-z][_A-Za-z0-9]*\)$/\1 _\2 \2/p' | sed '/ __gnu_lto/d' \> conftest.nm
configure:7139: $? = 0
configure:7205: gcc -o conftest -g -O2 -Wall  -L/usr/lib/python2.6 conftest.c conftstm.o >&5
configure:7208: $? = 0
configure:7246: result: ok
configure:7283: checking for sysroot
configure:7313: result: no
configure:7569: checking for mt
configure:7599: result: no
configure:7619: checking if : is a manifest tool
configure:7625: : '-?'
configure:7633: result: no
configure:7689: checking for dsymutil
configure:7705: found /usr/bin/dsymutil
configure:7716: result: dsymutil
configure:7781: checking for nmedit
configure:7797: found /usr/bin/nmedit
configure:7808: result: nmedit
configure:7873: checking for lipo
configure:7889: found /usr/bin/lipo
configure:7900: result: lipo
configure:7965: checking for otool
configure:7981: found /usr/bin/otool
configure:7992: result: otool
configure:8057: checking for otool64
configure:8087: result: no
configure:8132: checking for -single_module linker flag
gcc -g -O2 -Wall -L/usr/lib/python2.6 -o libconftest.dylib -dynamiclib -Wl,-single_module conftest.c
configure:8165: result: yes
configure:8168: checking for -exported_symbols_list linker flag
configure:8188: gcc -o conftest -g -O2 -Wall  -L/usr/lib/python2.6 -Wl,-exported_symbols_list,conftest.sym conftest.c  >&5
configure:8188: $? = 0
configure:8198: result: yes
configure:8201: checking for -force_load linker flag
gcc -g -O2 -Wall -c -o conftest.o conftest.c
ar cru libconftest.a conftest.o
ranlib libconftest.a
gcc -g -O2 -Wall -L/usr/lib/python2.6 -o conftest conftest.c -Wl,-force_load,./libconftest.a
configure:8233: result: yes
configure:8275: checking how to run the C preprocessor
configure:8306: gcc -E  conftest.c
configure:8306: $? = 0
configure:8320: gcc -E  conftest.c
conftest.c:9:10: fatal error: 'ac_nonexistent.h' file not found
#include <ac_nonexistent.h>
         ^
1 error generated.
configure:8320: $? = 1
configure: failed program was:
| /* confdefs.h */
| #define PACKAGE_NAME "sphinxbase"
| #define PACKAGE_TARNAME "sphinxbase"
| #define PACKAGE_VERSION "5prealpha"
| #define PACKAGE_STRING "sphinxbase 5prealpha"
| #define PACKAGE_BUGREPORT ""
| #define PACKAGE_URL ""
| /* end confdefs.h.  */
| #include <ac_nonexistent.h>
configure:8345: result: gcc -E
configure:8365: gcc -E  conftest.c
configure:8365: $? = 0
configure:8379: gcc -E  conftest.c
conftest.c:9:10: fatal error: 'ac_nonexistent.h' file not found
#include <ac_nonexistent.h>
         ^
1 error generated.
configure:8379: $? = 1
configure: failed program was:
| /* confdefs.h */
| #define PACKAGE_NAME "sphinxbase"
| #define PACKAGE_TARNAME "sphinxbase"
| #define PACKAGE_VERSION "5prealpha"
| #define PACKAGE_STRING "sphinxbase 5prealpha"
| #define PACKAGE_BUGREPORT ""
| #define PACKAGE_URL ""
| /* end confdefs.h.  */
| #include <ac_nonexistent.h>
configure:8408: checking for ANSI C header files
configure:8428: gcc -c -g -O2 -Wall  conftest.c >&5
configure:8428: $? = 0
configure:8501: gcc -o conftest -g -O2 -Wall  -L/usr/lib/python2.6 conftest.c  >&5
configure:8501: $? = 0
configure:8501: ./conftest
configure:8501: $? = 0
configure:8512: result: yes
configure:8525: checking for sys/types.h
configure:8525: gcc -c -g -O2 -Wall  conftest.c >&5
configure:8525: $? = 0
configure:8525: result: yes
configure:8525: checking for sys/stat.h
configure:8525: gcc -c -g -O2 -Wall  conftest.c >&5
configure:8525: $? = 0
configure:8525: result: yes
configure:8525: checking for stdlib.h
configure:8525: gcc -c -g -O2 -Wall  conftest.c >&5
configure:8525: $? = 0
configure:8525: result: yes
configure:8525: checking for string.h
configure:8525: gcc -c -g -O2 -Wall  conftest.c >&5
configure:8525: $? = 0
configure:8525: result: yes
configure:8525: checking for memory.h
configure:8525: gcc -c -g -O2 -Wall  conftest.c >&5
configure:8525: $? = 0
configure:8525: result: yes
configure:8525: checking for strings.h
configure:8525: gcc -c -g -O2 -Wall  conftest.c >&5
configure:8525: $? = 0
configure:8525: result: yes
configure:8525: checking for inttypes.h
configure:8525: gcc -c -g -O2 -Wall  conftest.c >&5
configure:8525: $? = 0
configure:8525: result: yes
configure:8525: checking for stdint.h
configure:8525: gcc -c -g -O2 -Wall  conftest.c >&5
configure:8525: $? = 0
configure:8525: result: yes
configure:8525: checking for unistd.h
configure:8525: gcc -c -g -O2 -Wall  conftest.c >&5
configure:8525: $? = 0
configure:8525: result: yes
configure:8539: checking for dlfcn.h
configure:8539: gcc -c -g -O2 -Wall  conftest.c >&5
configure:8539: $? = 0
configure:8539: result: yes
configure:8745: checking for objdir
configure:8760: result: .libs
configure:9031: checking if gcc supports -fno-rtti -fno-exceptions
configure:9049: gcc -c -g -O2 -Wall  -fno-rtti -fno-exceptions conftest.c >&5
configure:9053: $? = 0
configure:9066: result: yes
configure:9393: checking for gcc option to produce PIC
configure:9400: result: -fno-common -DPIC
configure:9408: checking if gcc PIC flag -fno-common -DPIC works
configure:9426: gcc -c -g -O2 -Wall  -fno-common -DPIC -DPIC conftest.c >&5
configure:9430: $? = 0
configure:9443: result: yes
configure:9472: checking if gcc static flag -static works
configure:9500: result: no
configure:9515: checking if gcc supports -c -o file.o
configure:9536: gcc -c -g -O2 -Wall  -o out/conftest2.o conftest.c >&5
configure:9540: $? = 0
configure:9562: result: yes
configure:9570: checking if gcc supports -c -o file.o
configure:9617: result: yes
configure:9650: checking whether the gcc linker (/Applications/Xcode.app/Contents/Developer/Toolchains/XcodeDefault.xctoolchain/usr/bin/ld) supports shared libraries
configure:10807: result: yes
configure:11047: checking dynamic linker characteristics
configure:11781: result: darwin15.0.0 dyld
configure:11888: checking how to hardcode library paths into programs
configure:11913: result: immediate
configure:12453: checking whether stripping libraries is possible
configure:12467: result: yes
configure:12493: checking if libtool supports shared libraries
configure:12495: result: yes
configure:12498: checking whether to build shared libraries
configure:12519: result: yes
configure:12522: checking whether to build static libraries
configure:12526: result: yes
configure:12568: checking for bison
configure:12584: found /usr/bin/bison
configure:12596: result: bison -y
configure:12610: checking for ANSI C header files
configure:12714: result: yes
configure:12722: checking whether byte ordering is bigendian
configure:12737: gcc -c -g -O2 -Wall  conftest.c >&5
configure:12737: $? = 0
configure:12782: gcc -c -g -O2 -Wall  conftest.c >&5
configure:12782: $? = 0
configure:12800: gcc -c -g -O2 -Wall  conftest.c >&5
conftest.c:29:4: error: use of undeclared identifier 'not'
                 not big endian
                 ^
1 error generated.
configure:12800: $? = 1
configure: failed program was:
| /* confdefs.h */
| #define PACKAGE_NAME "sphinxbase"
| #define PACKAGE_TARNAME "sphinxbase"
| #define PACKAGE_VERSION "5prealpha"
| #define PACKAGE_STRING "sphinxbase 5prealpha"
| #define PACKAGE_BUGREPORT ""
| #define PACKAGE_URL ""
| #define STDC_HEADERS 1
| #define HAVE_SYS_TYPES_H 1
| #define HAVE_SYS_STAT_H 1
| #define HAVE_STDLIB_H 1
| #define HAVE_STRING_H 1
| #define HAVE_MEMORY_H 1
| #define HAVE_STRINGS_H 1
| #define HAVE_INTTYPES_H 1
| #define HAVE_STDINT_H 1
| #define HAVE_UNISTD_H 1
| #define HAVE_DLFCN_H 1
| #define LT_OBJDIR ".libs/"
| #define STDC_HEADERS 1
| /* end confdefs.h.  */
| #include <sys/types.h>
| 		#include <sys/param.h>
| 
| int
| main ()
| {
| #if BYTE_ORDER != BIG_ENDIAN
| 		 not big endian
| 		#endif
| 
|   ;
|   return 0;
| }
configure:12928: result: no
configure:12946: checking return type of signal handlers
configure:12964: gcc -c -g -O2 -Wall  conftest.c >&5
conftest.c:28:8: error: indirection requires pointer operand ('void' invalid)
return *(signal (0, 0)) (0) == 1;
       ^~~~~~~~~~~~~~~~~~~~
1 error generated.
configure:12964: $? = 1
configure: failed program was:
| /* confdefs.h */
| #define PACKAGE_NAME "sphinxbase"
| #define PACKAGE_TARNAME "sphinxbase"
| #define PACKAGE_VERSION "5prealpha"
| #define PACKAGE_STRING "sphinxbase 5prealpha"
| #define PACKAGE_BUGREPORT ""
| #define PACKAGE_URL ""
| #define STDC_HEADERS 1
| #define HAVE_SYS_TYPES_H 1
| #define HAVE_SYS_STAT_H 1
| #define HAVE_STDLIB_H 1
| #define HAVE_STRING_H 1
| #define HAVE_MEMORY_H 1
| #define HAVE_STRINGS_H 1
| #define HAVE_INTTYPES_H 1
| #define HAVE_STDINT_H 1
| #define HAVE_UNISTD_H 1
| #define HAVE_DLFCN_H 1
| #define LT_OBJDIR ".libs/"
| #define STDC_HEADERS 1
| /* end confdefs.h.  */
| #include <sys/types.h>
| #include <signal.h>
| 
| int
| main ()
| {
| return *(signal (0, 0)) (0) == 1;
|   ;
|   return 0;
| }
configure:12971: result: void
configure:12979: checking for long long
configure:12979: gcc -c -g -O2 -Wall  conftest.c >&5
configure:12979: $? = 0
configure:12979: gcc -c -g -O2 -Wall  conftest.c >&5
conftest.c:59:24: error: expected expression
if (sizeof ((long long)))
                       ^
1 error generated.
configure:12979: $? = 1
configure: failed program was:
| /* confdefs.h */
| #define PACKAGE_NAME "sphinxbase"
| #define PACKAGE_TARNAME "sphinxbase"
| #define PACKAGE_VERSION "5prealpha"
| #define PACKAGE_STRING "sphinxbase 5prealpha"
| #define PACKAGE_BUGREPORT ""
| #define PACKAGE_URL ""
| #define STDC_HEADERS 1
| #define HAVE_SYS_TYPES_H 1
| #define HAVE_SYS_STAT_H 1
| #define HAVE_STDLIB_H 1
| #define HAVE_STRING_H 1
| #define HAVE_MEMORY_H 1
| #define HAVE_STRINGS_H 1
| #define HAVE_INTTYPES_H 1
| #define HAVE_STDINT_H 1
| #define HAVE_UNISTD_H 1
| #define HAVE_DLFCN_H 1
| #define LT_OBJDIR ".libs/"
| #define STDC_HEADERS 1
| #define RETSIGTYPE void
| /* end confdefs.h.  */
| #include <stdio.h>
| #ifdef HAVE_SYS_TYPES_H
| # include <sys/types.h>
| #endif
| #ifdef HAVE_SYS_STAT_H
| # include <sys/stat.h>
| #endif
| #ifdef STDC_HEADERS
| # include <stdlib.h>
| # include <stddef.h>
| #else
| # ifdef HAVE_STDLIB_H
| #  include <stdlib.h>
| # endif
| #endif
| #ifdef HAVE_STRING_H
| # if !defined STDC_HEADERS && defined HAVE_MEMORY_H
| #  include <memory.h>
| # endif
| # include <string.h>
| #endif
| #ifdef HAVE_STRINGS_H
| # include <strings.h>
| #endif
| #ifdef HAVE_INTTYPES_H
| # include <inttypes.h>
| #endif
| #ifdef HAVE_STDINT_H
| # include <stdint.h>
| #endif
| #ifdef HAVE_UNISTD_H
| # include <unistd.h>
| #endif
| int
| main ()
| {
| if (sizeof ((long long)))
| 	    return 0;
|   ;
|   return 0;
| }
configure:12979: result: yes
configure:12993: checking size of long long
configure:12998: gcc -o conftest -g -O2 -Wall  -L/usr/lib/python2.6 conftest.c  >&5
configure:12998: $? = 0
configure:12998: ./conftest
configure:12998: $? = 0
configure:13012: result: 8
configure:13026: checking size of long
configure:13031: gcc -o conftest -g -O2 -Wall  -L/usr/lib/python2.6 conftest.c  >&5
configure:13031: $? = 0
configure:13031: ./conftest
configure:13031: $? = 0
configure:13045: result: 8
configure:13058: checking for popen
configure:13058: gcc -o conftest -g -O2 -Wall  -L/usr/lib/python2.6 conftest.c  >&5
configure:13058: $? = 0
configure:13058: result: yes
configure:13058: checking for perror
configure:13058: gcc -o conftest -g -O2 -Wall  -L/usr/lib/python2.6 conftest.c  >&5
configure:13058: $? = 0
configure:13058: result: yes
configure:13058: checking for snprintf
configure:13058: gcc -o conftest -g -O2 -Wall  -L/usr/lib/python2.6 conftest.c  >&5
conftest.c:51:6: warning: incompatible redeclaration of library function 'snprintf' [-Wincompatible-library-redeclaration]
char snprintf ();
     ^
conftest.c:51:6: note: 'snprintf' is a builtin with type 'int (char *, unsigned long, const char *, ...)'
1 warning generated.
configure:13058: $? = 0
configure:13058: result: yes
configure:13067: checking errno.h usability
configure:13067: gcc -c -g -O2 -Wall  conftest.c >&5
configure:13067: $? = 0
configure:13067: result: yes
configure:13067: checking errno.h presence
configure:13067: gcc -E  conftest.c
configure:13067: $? = 0
configure:13067: result: yes
configure:13067: checking for errno.h
configure:13067: result: yes
configure:13087: checking for sgesv_ in -llapack
configure:13112: gcc -o conftest -g -O2 -Wall  -L/usr/lib/python2.6 conftest.c -llapack   >&5
configure:13112: $? = 0
configure:13121: result: yes
configure:13135: checking for sgemm_ in -lblas
configure:13160: gcc -o conftest -g -O2 -Wall  -L/usr/lib/python2.6 conftest.c -lblas  -llapack  >&5
configure:13160: $? = 0
configure:13169: result: yes
configure:13204: checking for log in -lm
configure:13229: gcc -o conftest -g -O2 -Wall  -L/usr/lib/python2.6 conftest.c -lm  -lblas -llapack  >&5
conftest.c:39:6: warning: incompatible redeclaration of library function 'log' [-Wincompatible-library-redeclaration]
char log ();
     ^
conftest.c:39:6: note: 'log' is a builtin with type 'double (double)'
1 warning generated.
configure:13229: $? = 0
configure:13238: result: yes
configure:13269: checking pthread.h usability
configure:13269: gcc -c -g -O2 -Wall  conftest.c >&5
configure:13269: $? = 0
configure:13269: result: yes
configure:13269: checking pthread.h presence
configure:13269: gcc -E  conftest.c
configure:13269: $? = 0
configure:13269: result: yes
configure:13269: checking for pthread.h
configure:13269: result: yes
configure:13279: checking for pthread_create in -lpthread
configure:13304: gcc -o conftest -g -O2 -Wall  -L/usr/lib/python2.6 conftest.c -lpthread  -lm -lblas -llapack  >&5
configure:13304: $? = 0
configure:13313: result: yes
configure:13611: checking alc.h usability
configure:13611: gcc -c -g -O2 -Wall  -I/Applications/Xcode.app/Contents/Developer/Platforms/MacOSX.platform/Developer/SDKs/MacOSX10.10.sdk/System/Library/Frameworks/OpenAL.framework/Versions/A/Headers/ conftest.c >&5
configure:13611: $? = 0
configure:13611: result: yes
configure:13611: checking alc.h presence
configure:13611: gcc -E  -I/Applications/Xcode.app/Contents/Developer/Platforms/MacOSX.platform/Developer/SDKs/MacOSX10.10.sdk/System/Library/Frameworks/OpenAL.framework/Versions/A/Headers/ conftest.c
configure:13611: $? = 0
configure:13611: result: yes
configure:13611: checking for alc.h
configure:13611: result: yes
configure:13636: checking for doxygen
configure:13664: result: no
configure:13723: checking for a Python interpreter with version >= 2.6
configure:13740: python -c import sys # split strings by '.' and convert to numeric. Append some zeros # because we need at least 4 digits for the hex conversion. # map returns an iterator in Python 3.0 and a list in 2.x minver = list(map(int, '2.6'.split('.'))) + [0, 0, 0] minverhex = 0 # xrange is not present in Python 3.0 and range returns an iterator for i in list(range(0, 4)): minverhex = (minverhex << 8) + minver[i] sys.exit(sys.hexversion < minverhex)
configure:13743: $? = 0
configure:13749: result: python
configure:13757: checking for python
configure:13775: found /usr/local/bin/python
configure:13787: result: /usr/local/bin/python
configure:13805: checking for python version
configure:13812: result: 2.7
configure:13824: checking for python platform
configure:13831: result: darwin
configure:13838: checking for python script directory
configure:13866: result: ${prefix}/lib/python2.7/site-packages
configure:13875: checking for python extension module directory
configure:13903: result: ${exec_prefix}/lib/python2.7/site-packages
configure:13924: checking for python2.7
configure:13954: result: /usr/local/bin/python
configure:13970: checking for a version of Python >= '2.1.0'
configure:13996: result: yes
configure:14027: checking for the distutils Python package
configure:14031: result: yes
configure:14045: checking for Python include path
configure:14061: result: -I/Library/Frameworks/Python.framework/Versions/2.7/include/python2.7
configure:14068: checking for Python library path
configure:14145: result: -L/Library/Frameworks/Python.framework/Versions/2.7/lib -lpython2.7
configure:14152: checking for Python site-packages path
configure:14158: result: /Library/Frameworks/Python.framework/Versions/2.7/lib/python2.7/site-packages
configure:14165: checking python extra libraries
configure:14172: result: -ldl  -framework CoreFoundation 
configure:14179: checking python extra linking flags
configure:14186: result: -u _PyMac_Error Python.framework/Versions/2.7/Python
configure:14193: checking consistency of all components of python development environment
configure:14219: gcc -o conftest -g -O2 -Wall  -I/Library/Frameworks/Python.framework/Versions/2.7/include/python2.7 -L/usr/lib/python2.6 conftest.c -lpthread -lm -lblas -llapack  -L/Library/Frameworks/Python.framework/Versions/2.7/lib -lpython2.7 -u _PyMac_Error Python.framework/Versions/2.7/Python -ldl  -framework CoreFoundation  >&5
clang: error: no such file or directory: 'Python.framework/Versions/2.7/Python'
configure:14219: $? = 1
configure: failed program was:
| /* confdefs.h */
| #define PACKAGE_NAME "sphinxbase"
| #define PACKAGE_TARNAME "sphinxbase"
| #define PACKAGE_VERSION "5prealpha"
| #define PACKAGE_STRING "sphinxbase 5prealpha"
| #define PACKAGE_BUGREPORT ""
| #define PACKAGE_URL ""
| #define STDC_HEADERS 1
| #define HAVE_SYS_TYPES_H 1
| #define HAVE_SYS_STAT_H 1
| #define HAVE_STDLIB_H 1
| #define HAVE_STRING_H 1
| #define HAVE_MEMORY_H 1
| #define HAVE_STRINGS_H 1
| #define HAVE_INTTYPES_H 1
| #define HAVE_STDINT_H 1
| #define HAVE_UNISTD_H 1
| #define HAVE_DLFCN_H 1
| #define LT_OBJDIR ".libs/"
| #define STDC_HEADERS 1
| #define RETSIGTYPE void
| #define HAVE_LONG_LONG 1
| #define SIZEOF_LONG_LONG 8
| #define SIZEOF_LONG 8
| #define HAVE_POPEN 1
| #define HAVE_PERROR 1
| #define HAVE_SNPRINTF 1
| #define HAVE_LIBLAPACK 1
| #define HAVE_LIBBLAS 1
| #define WITH_LAPACK /**/
| #define HAVE_LIBM 1
| #define HAVE_PTHREAD_H 1
| #define HAVE_LIBPTHREAD 1
| #define ENABLE_THREADS /**/
| #define HAVE_PYTHON "2.7"
| /* end confdefs.h.  */
| 
| 		#include <Python.h>
| int
| main ()
| {
| Py_Initialize();
|   ;
|   return 0;
| }
| 
configure:14236: result: no
configure:14240: error: in `/Users/richard/desktop/repos/PersonalAssistant/sphinx/sphinxbase-5prealpha':
configure:14242: error: 
  Could not link test program to Python. Maybe the main Python library has been
  installed in some non-standard library path. If so, pass it to configure,
  via the LDFLAGS environment variable.
  Example: ./configure LDFLAGS="-L/usr/non-standard-path/python/lib"
  ============================================================================
   ERROR!
   You probably have to install the development version of the Python package
   for your distribution.  The exact name of this package varies among them.
  ============================================================================

See `config.log' for more details

## ---------------- ##
## Cache variables. ##
## ---------------- ##

ac_cv_build=x86_64-apple-darwin15.0.0
ac_cv_c_bigendian=no
ac_cv_c_compiler_gnu=yes
ac_cv_env_CC_set=
ac_cv_env_CC_value=
ac_cv_env_CFLAGS_set=
ac_cv_env_CFLAGS_value=
ac_cv_env_CPPFLAGS_set=
ac_cv_env_CPPFLAGS_value=
ac_cv_env_CPP_set=
ac_cv_env_CPP_value=
ac_cv_env_LDFLAGS_set=set
ac_cv_env_LDFLAGS_value=-L/usr/lib/python2.6
ac_cv_env_LIBS_set=
ac_cv_env_LIBS_value=
ac_cv_env_PYTHON_VERSION_set=
ac_cv_env_PYTHON_VERSION_value=
ac_cv_env_PYTHON_set=
ac_cv_env_PYTHON_value=
ac_cv_env_YACC_set=
ac_cv_env_YACC_value=
ac_cv_env_build_alias_set=
ac_cv_env_build_alias_value=
ac_cv_env_host_alias_set=
ac_cv_env_host_alias_value=
ac_cv_env_target_alias_set=
ac_cv_env_target_alias_value=
ac_cv_func_perror=yes
ac_cv_func_popen=yes
ac_cv_func_snprintf=yes
ac_cv_header_alc_h=yes
ac_cv_header_dlfcn_h=yes
ac_cv_header_errno_h=yes
ac_cv_header_inttypes_h=yes
ac_cv_header_memory_h=yes
ac_cv_header_pthread_h=yes
ac_cv_header_stdc=yes
ac_cv_header_stdint_h=yes
ac_cv_header_stdlib_h=yes
ac_cv_header_string_h=yes
ac_cv_header_strings_h=yes
ac_cv_header_sys_stat_h=yes
ac_cv_header_sys_types_h=yes
ac_cv_header_unistd_h=yes
ac_cv_host=x86_64-apple-darwin15.0.0
ac_cv_lib_blas_sgemm_=yes
ac_cv_lib_lapack_sgesv_=yes
ac_cv_lib_m_log=yes
ac_cv_lib_pthread_pthread_create=yes
ac_cv_objext=o
ac_cv_path_EGREP='/usr/bin/grep -E'
ac_cv_path_FGREP='/usr/bin/grep -F'
ac_cv_path_GREP=/usr/bin/grep
ac_cv_path_PYTHON=/usr/local/bin/python
ac_cv_path_SED=/usr/bin/sed
ac_cv_path_install='/usr/bin/install -c'
ac_cv_prog_AWK=awk
ac_cv_prog_CPP='gcc -E'
ac_cv_prog_HAVE_DOXYGEN=no
ac_cv_prog_YACC='bison -y'
ac_cv_prog_ac_ct_AR=ar
ac_cv_prog_ac_ct_CC=gcc
ac_cv_prog_ac_ct_DSYMUTIL=dsymutil
ac_cv_prog_ac_ct_LIPO=lipo
ac_cv_prog_ac_ct_NMEDIT=nmedit
ac_cv_prog_ac_ct_OTOOL=otool
ac_cv_prog_ac_ct_RANLIB=ranlib
ac_cv_prog_ac_ct_STRIP=strip
ac_cv_prog_cc_c89=
ac_cv_prog_cc_c99=
ac_cv_prog_cc_g=yes
ac_cv_prog_cc_stdc=
ac_cv_prog_make_make_set=yes
ac_cv_search_strerror='none required'
ac_cv_sizeof_long=8
ac_cv_sizeof_long_long=8
ac_cv_type_long_long=yes
ac_cv_type_signal=void
am_cv_CC_dependencies_compiler_type=gcc3
am_cv_pathless_PYTHON=python
am_cv_python_platform=darwin
am_cv_python_pyexecdir='${exec_prefix}/lib/python2.7/site-packages'
am_cv_python_pythondir='${prefix}/lib/python2.7/site-packages'
am_cv_python_version=2.7
lt_cv_apple_cc_single_mod=yes
lt_cv_ar_at_file=no
lt_cv_deplibs_check_method=pass_all
lt_cv_file_magic_cmd='$MAGIC_CMD'
lt_cv_file_magic_test_file=
lt_cv_ld_exported_symbols_list=yes
lt_cv_ld_force_load=yes
lt_cv_ld_reload_flag=-r
lt_cv_nm_interface='BSD nm'
lt_cv_objdir=.libs
lt_cv_path_LD=/Applications/Xcode.app/Contents/Developer/Toolchains/XcodeDefault.xctoolchain/usr/bin/ld
lt_cv_path_NM=/usr/bin/nm
lt_cv_path_mainfest_tool=no
lt_cv_prog_compiler_c_o=yes
lt_cv_prog_compiler_pic='-fno-common -DPIC'
lt_cv_prog_compiler_pic_works=yes
lt_cv_prog_compiler_rtti_exceptions=yes
lt_cv_prog_compiler_static_works=no
lt_cv_prog_gnu_ld=no
lt_cv_sharedlib_from_linklib_cmd='printf %s\n'
lt_cv_sys_global_symbol_pipe='sed -n -e '\''s/^.*[	 ]\([BCDEGRST][BCDEGRST]*\)[	 ][	 ]*_\([_A-Za-z][_A-Za-z0-9]*\)$/\1 _\2 \2/p'\'' | sed '\''/ __gnu_lto/d'\'''
lt_cv_sys_global_symbol_to_c_name_address='sed -n -e '\''s/^: \([^ ]*\)[ ]*$/  {\"\1\", (void *) 0},/p'\'' -e '\''s/^[BCDEGRST]* \([^ ]*\) \([^ ]*\)$/  {"\2", (void *) \&\2},/p'\'''
lt_cv_sys_global_symbol_to_c_name_address_lib_prefix='sed -n -e '\''s/^: \([^ ]*\)[ ]*$/  {\"\1\", (void *) 0},/p'\'' -e '\''s/^[BCDEGRST]* \([^ ]*\) \(lib[^ ]*\)$/  {"\2", (void *) \&\2},/p'\'' -e '\''s/^[BCDEGRST]* \([^ ]*\) \([^ ]*\)$/  {"lib\2", (void *) \&\2},/p'\'''
lt_cv_sys_global_symbol_to_cdecl='sed -n -e '\''s/^T .* \(.*\)$/extern int \1();/p'\'' -e '\''s/^[BCDEGRST]* .* \(.*\)$/extern char \1;/p'\'''
lt_cv_sys_max_cmd_len=196608
lt_cv_to_host_file_cmd=func_convert_file_noop
lt_cv_to_tool_file_cmd=func_convert_file_noop

## ----------------- ##
## Output variables. ##
## ----------------- ##

ACLOCAL='${SHELL} /Users/richard/desktop/repos/PersonalAssistant/sphinx/sphinxbase-5prealpha/missing --run aclocal-1.11'
AMDEPBACKSLASH='\'
AMDEP_FALSE='#'
AMDEP_TRUE=''
AMTAR='$${TAR-tar}'
AR='ar'
AUTOCONF='${SHELL} /Users/richard/desktop/repos/PersonalAssistant/sphinx/sphinxbase-5prealpha/missing --run autoconf'
AUTOHEADER='${SHELL} /Users/richard/desktop/repos/PersonalAssistant/sphinx/sphinxbase-5prealpha/missing --run autoheader'
AUTOMAKE='${SHELL} /Users/richard/desktop/repos/PersonalAssistant/sphinx/sphinxbase-5prealpha/missing --run automake-1.11'
AWK='awk'
BUILD_DOXYGEN_FALSE=''
BUILD_DOXYGEN_TRUE='#'
BUILD_SWIG_FALSE=''
BUILD_SWIG_TRUE=''
CC='gcc'
CCDEPMODE='depmode=gcc3'
CFLAGS='-g -O2 -Wall'
CPP='gcc -E'
CPPFLAGS=''
CYGPATH_W='echo'
DEFS=''
DEPDIR='.deps'
DLLTOOL='false'
DSYMUTIL='dsymutil'
DUMPBIN=''
ECHO_C='\c'
ECHO_N=''
ECHO_T=''
EGREP='/usr/bin/grep -E'
EXEEXT=''
FGREP='/usr/bin/grep -F'
FIXED_POINT_FALSE=''
FIXED_POINT_TRUE='#'
GREP='/usr/bin/grep'
HAVE_DOXYGEN='no'
INSTALL_DATA='${INSTALL} -m 644'
INSTALL_PROGRAM='${INSTALL}'
INSTALL_SCRIPT='${INSTALL}'
INSTALL_STRIP_PROGRAM='$(install_sh) -c -s'
LAPACK_LITE_FALSE=''
LAPACK_LITE_TRUE='#'
LD='/Applications/Xcode.app/Contents/Developer/Toolchains/XcodeDefault.xctoolchain/usr/bin/ld'
LDFLAGS='-L/usr/lib/python2.6'
LIBOBJS=''
LIBS='-lpthread -lm -lblas -llapack '
LIBTOOL='$(SHELL) $(top_builddir)/libtool'
LIPO='lipo'
LN_S='ln -s'
LTLIBOBJS=''
MAKEINFO='${SHELL} /Users/richard/desktop/repos/PersonalAssistant/sphinx/sphinxbase-5prealpha/missing --run makeinfo'
MANIFEST_TOOL=':'
MKDIR_P='./install-sh -c -d'
NM='/usr/bin/nm'
NMEDIT='nmedit'
OBJDUMP='false'
OBJEXT='o'
OTOOL64=':'
OTOOL='otool'
PACKAGE='sphinxbase'
PACKAGE_BUGREPORT=''
PACKAGE_NAME='sphinxbase'
PACKAGE_STRING='sphinxbase 5prealpha'
PACKAGE_TARNAME='sphinxbase'
PACKAGE_URL=''
PACKAGE_VERSION='5prealpha'
PATH_SEPARATOR=':'
PYTHON='/usr/local/bin/python'
PYTHON_CPPFLAGS='-I/Library/Frameworks/Python.framework/Versions/2.7/include/python2.7'
PYTHON_EXEC_PREFIX='${exec_prefix}'
PYTHON_EXTRA_LDFLAGS='-u _PyMac_Error Python.framework/Versions/2.7/Python'
PYTHON_EXTRA_LIBS='-ldl  -framework CoreFoundation '
PYTHON_LDFLAGS='-L/Library/Frameworks/Python.framework/Versions/2.7/lib -lpython2.7'
PYTHON_PLATFORM='darwin'
PYTHON_PREFIX='${prefix}'
PYTHON_SITE_PKG='/Library/Frameworks/Python.framework/Versions/2.7/lib/python2.7/site-packages'
PYTHON_VERSION='2.7'
RANLIB='ranlib'
SED='/usr/bin/sed'
SET_MAKE=''
SHELL='/bin/sh'
STRIP='strip'
SWIG=''
SWIG_LIB=''
USE_LAPACK_FALSE='#'
USE_LAPACK_TRUE=''
USE_THREADS_FALSE='#'
USE_THREADS_TRUE=''
VERSION='5prealpha'
YACC='bison -y'
ac_ct_AR='ar'
ac_ct_CC='gcc'
ac_ct_DUMPBIN=''
ad_cppflags='-I/Applications/Xcode.app/Contents/Developer/Platforms/MacOSX.platform/Developer/SDKs/MacOSX10.10.sdk/System/Library/Frameworks/OpenAL.framework/Versions/A/Headers/'
ad_files='ad_openal.lo'
ad_libs='-framework OpenAL'
am__EXEEXT_FALSE=''
am__EXEEXT_TRUE=''
am__fastdepCC_FALSE='#'
am__fastdepCC_TRUE=''
am__include='include'
am__isrc=''
am__leading_dot='.'
am__nodep='_no'
am__quote=''
am__tar='$${TAR-tar} chof - "$$tardir"'
am__untar='$${TAR-tar} xf -'
bindir='${exec_prefix}/bin'
build='x86_64-apple-darwin15.0.0'
build_alias=''
build_cpu='x86_64'
build_os='darwin15.0.0'
build_vendor='apple'
datadir='${datarootdir}'
datarootdir='${prefix}/share'
docdir='${datarootdir}/doc/${PACKAGE_TARNAME}'
dvidir='${docdir}'
exec_prefix='NONE'
host='x86_64-apple-darwin15.0.0'
host_alias=''
host_cpu='x86_64'
host_os='darwin15.0.0'
host_vendor='apple'
htmldir='${docdir}'
includedir='${prefix}/include'
infodir='${datarootdir}/info'
install_sh='${SHELL} /Users/richard/desktop/repos/PersonalAssistant/sphinx/sphinxbase-5prealpha/install-sh'
libdir='${exec_prefix}/lib'
libexecdir='${exec_prefix}/libexec'
localedir='${datarootdir}/locale'
localstatedir='${prefix}/var'
mandir='${datarootdir}/man'
mkdir_p='$(top_builddir)/./install-sh -c -d'
oldincludedir='/usr/include'
pdfdir='${docdir}'
pkgpyexecdir='${pyexecdir}/sphinxbase'
pkgpythondir='${pythondir}/sphinxbase'
prefix='NONE'
program_transform_name='s,x,x,'
psdir='${docdir}'
pyexecdir='${exec_prefix}/lib/python2.7/site-packages'
pythondir='${prefix}/lib/python2.7/site-packages'
sbindir='${exec_prefix}/sbin'
sharedstatedir='${prefix}/com'
sysconfdir='${prefix}/etc'
target_alias=''

## ----------- ##
## confdefs.h. ##
## ----------- ##

/* confdefs.h */
#define PACKAGE_NAME "sphinxbase"
#define PACKAGE_TARNAME "sphinxbase"
#define PACKAGE_VERSION "5prealpha"
#define PACKAGE_STRING "sphinxbase 5prealpha"
#define PACKAGE_BUGREPORT ""
#define PACKAGE_URL ""
#define STDC_HEADERS 1
#define HAVE_SYS_TYPES_H 1
#define HAVE_SYS_STAT_H 1
#define HAVE_STDLIB_H 1
#define HAVE_STRING_H 1
#define HAVE_MEMORY_H 1
#define HAVE_STRINGS_H 1
#define HAVE_INTTYPES_H 1
#define HAVE_STDINT_H 1
#define HAVE_UNISTD_H 1
#define HAVE_DLFCN_H 1
#define LT_OBJDIR ".libs/"
#define STDC_HEADERS 1
#define RETSIGTYPE void
#define HAVE_LONG_LONG 1
#define SIZEOF_LONG_LONG 8
#define SIZEOF_LONG 8
#define HAVE_POPEN 1
#define HAVE_PERROR 1
#define HAVE_SNPRINTF 1
#define HAVE_LIBLAPACK 1
#define HAVE_LIBBLAS 1
#define WITH_LAPACK /**/
#define HAVE_LIBM 1
#define HAVE_PTHREAD_H 1
#define HAVE_LIBPTHREAD 1
#define ENABLE_THREADS /**/
#define HAVE_PYTHON "2.7"

configure: exit 1
